TN:
SF:index.js
FN:136,(anonymous_0)
FN:180,(anonymous_1)
FN:182,(anonymous_2)
FN:192,swaggerInitFn
FN:203,(anonymous_4)
FN:205,(anonymous_5)
FN:217,(anonymous_6)
FN:223,(anonymous_7)
FN:236,(anonymous_8)
FN:238,(anonymous_9)
FN:241,(anonymous_10)
FN:248,(anonymous_11)
FNF:12
FNH:11
FNDA:9,(anonymous_0)
FNDA:8,(anonymous_1)
FNDA:4,(anonymous_2)
FNDA:21,swaggerInitFn
FNDA:1,(anonymous_4)
FNDA:0,(anonymous_5)
FNDA:3,(anonymous_6)
FNDA:1,(anonymous_7)
FNDA:1,(anonymous_8)
FNDA:10,(anonymous_9)
FNDA:417,(anonymous_10)
FNDA:10,(anonymous_11)
DA:3,1
DA:4,1
DA:5,1
DA:7,1
DA:9,1
DA:90,1
DA:136,1
DA:141,9
DA:142,4
DA:143,4
DA:144,4
DA:145,4
DA:146,4
DA:147,4
DA:148,4
DA:149,4
DA:150,4
DA:153,5
DA:155,9
DA:156,9
DA:157,9
DA:158,9
DA:159,9
DA:160,9
DA:161,9
DA:163,9
DA:164,9
DA:165,9
DA:166,9
DA:167,9
DA:169,9
DA:176,9
DA:177,9
DA:180,1
DA:181,8
DA:182,8
DA:183,4
DA:184,0
DA:185,0
DA:187,4
DA:193,21
DA:194,1
DA:195,20
DA:196,4
DA:197,4
DA:199,16
DA:203,1
DA:204,1
DA:205,1
DA:206,0
DA:207,0
DA:208,0
DA:209,0
DA:210,0
DA:212,0
DA:217,1
DA:218,3
DA:219,3
DA:220,3
DA:223,1
DA:224,1
DA:225,1
DA:231,1
DA:232,1
DA:235,1
DA:236,1
DA:238,1
DA:239,10
DA:240,10
DA:241,10
DA:242,417
DA:243,10
DA:244,10
DA:246,407
DA:248,10
DA:249,10
DA:251,10
DA:254,1
LF:78
LH:70
BRDA:141,0,0,4
BRDA:141,0,1,5
BRDA:141,1,0,9
BRDA:141,1,1,4
BRDA:148,2,0,4
BRDA:148,2,1,4
BRDA:155,3,0,9
BRDA:155,3,1,0
BRDA:156,4,0,0
BRDA:156,4,1,9
BRDA:157,5,0,9
BRDA:157,5,1,0
BRDA:158,6,0,9
BRDA:158,6,1,9
BRDA:159,7,0,9
BRDA:159,7,1,9
BRDA:160,8,0,9
BRDA:160,8,1,1
BRDA:161,9,0,9
BRDA:161,9,1,1
BRDA:163,10,0,0
BRDA:163,10,1,9
BRDA:166,11,0,2
BRDA:166,11,1,7
BRDA:167,12,0,2
BRDA:167,12,1,7
BRDA:170,13,0,9
BRDA:170,13,1,3
BRDA:172,14,0,9
BRDA:172,14,1,6
BRDA:173,15,0,9
BRDA:173,15,1,9
BRDA:183,16,0,0
BRDA:183,16,1,4
BRDA:193,17,0,1
BRDA:193,17,1,20
BRDA:195,18,0,4
BRDA:195,18,1,16
BRDA:206,19,0,0
BRDA:206,19,1,0
BRDA:208,20,0,0
BRDA:208,20,1,0
BRDA:218,21,0,3
BRDA:218,21,1,2
BRDA:224,22,0,1
BRDA:224,22,1,0
BRDA:226,23,0,1
BRDA:226,23,1,0
BRDA:227,24,0,1
BRDA:227,24,1,0
BRDA:228,25,0,1
BRDA:228,25,1,1
BRDA:229,26,0,1
BRDA:229,26,1,1
BRDA:242,27,0,10
BRDA:242,27,1,407
BRF:56
BRH:44
end_of_record
